 drn04_sp135-sp131        217000.0000000000    
 drn04_sp143-sp131       -32200.00000000000    
 drn04_sp143-sp135       -249200.0000000000    
 drn04_sp155-sp143       -20400.00000000000    
 drn04_sp159-sp155        237800.0000000000    
 drn04_sp167-sp155        15800.00000000000    
 drn04_sp167-sp159       -222000.0000000000    
 drn04_sp179-sp167        33500.00000000000    
 drn04_sp183-sp179        230400.0000000000    
 drn04_sp279-sp275        205000.0000000000    
 drn04_sp291-sp279       -55400.00000000000    
 drn04_sp299-sp291       -185300.0000000000    
 drn04_sp311-sp299       -2900.000000000000    
 drn04_sp315-sp311        206600.0000000000    
 drn04_sp327-sp315        52800.00000000000    
 drn04_sp335-sp327       -195200.0000000000    
 drn05_sp131-sp123       -1523100.000000000    
 drn05_sp135-sp131        1257300.000000000    
 drn05_sp143-sp131       -161800.0000000000    
 drn05_sp143-sp135       -1419100.000000000    
 drn05_sp147-sp143        1308900.000000000    
 drn05_sp155-sp143        408600.0000000000    
 drn05_sp155-sp147       -900300.0000000000    
 drn05_sp159-sp155        1128400.000000000    
 drn05_sp167-sp155        53800.00000000000    
 drn05_sp167-sp159       -1074600.000000000    
 drn05_sp171-sp167        1110500.000000000    
 drn05_sp179-sp167       -119000.0000000000    
 drn05_sp179-sp171       -1229500.000000000    
 drn05_sp183-sp179        1120200.000000000    
 drn05_sp279-sp275        1146800.000000000    
 drn05_sp291-sp279       -195200.0000000000    
 drn05_sp299-sp291       -1156200.000000000    
 drn05_sp303-sp299        1172000.000000000    
 drn05_sp311-sp299       -177400.0000000000    
 drn05_sp311-sp303       -1349400.000000000    
 drn05_sp315-sp311        1204000.000000000    
 drn05_sp327-sp315       -51500.00000000000    
 drn05_sp335-sp327       -597100.0000000000    
 drn06_sp171-sp167        57970.00000000000    
 drn06_sp179-sp167        13830.00000000000    
 drn06_sp179-sp171       -44140.00000000000    
 drn06_sp183-sp179        53510.00000000000    
 drn06_sp279-sp275        54060.00000000000    
 drn06_sp287-sp275       -24700.00000000000    
 drn06_sp287-sp279       -78760.00000000000    
 drn06_sp291-sp287        55490.00000000000    
 drn06_sp299-sp287        12120.00000000000    
 drn06_sp299-sp291       -43370.00000000000    
 drn06_sp303-sp299        53200.00000000000    
 drn06_sp311-sp299       -16000.00000000000    
 drn06_sp311-sp303       -69200.00000000000    
 drn06_sp315-sp311        56000.00000000000    
 drn07_sp279-sp275        626000.0000000000    
 drn07_sp287-sp275       -316800.0000000000    
 drn07_sp287-sp279       -942800.0000000000    
 drn07_sp291-sp287        788900.0000000000    
 drn07_sp299-sp287       -42800.00000000000    
 drn07_sp299-sp291       -831700.0000000000    
 drn07_sp303-sp299        838300.0000000000    
 drn07_sp311-sp299       -5300.000000000000    
 drn07_sp311-sp303       -843600.0000000000    
 drn07_sp315-sp311        812100.0000000000    
 drn08_sp131-sp123       -763400.0000000000    
 drn08_sp135-sp131        641500.0000000000    
 drn08_sp143-sp131        13500.00000000000    
 drn08_sp143-sp135       -628000.0000000000    
 drn08_sp147-sp143        651100.0000000000    
 drn08_sp155-sp143        4000.000000000000    
 drn08_sp155-sp147       -647100.0000000000    
 drn08_sp159-sp155        637500.0000000000    
 drn08_sp167-sp155        141500.0000000000    
 drn08_sp167-sp159       -496000.0000000000    
 drn08_sp171-sp167        575300.0000000000    
 drn08_sp179-sp167       -35900.00000000000    
 drn08_sp179-sp171       -611200.0000000000    
 drn08_sp183-sp179        627600.0000000000    
 drn08_sp279-sp275        500200.0000000000    
 drn08_sp291-sp279       -51200.00000000000    
 drn08_sp299-sp291       -483800.0000000000    
 drn08_sp303-sp299        510100.0000000000    
 drn08_sp311-sp299       -45200.00000000000    
 drn08_sp311-sp303       -555300.0000000000    
 drn08_sp315-sp311        524900.0000000000    
 drn08_sp327-sp315        57600.00000000000    
 drn08_sp335-sp327       -281300.0000000000    
 drn08_sp359-sp351       -300200.0000000000    
 drn09_sp131-sp123       -4095000.000000000    
 drn09_sp135-sp131        3407000.000000000    
 drn09_sp143-sp131       -447000.0000000000    
 drn09_sp143-sp135       -3854000.000000000    
 drn09_sp147-sp143        3634000.000000000    
 drn09_sp155-sp143        610000.0000000000    
 drn09_sp155-sp147       -3024000.000000000    
 drn09_sp159-sp155        3102000.000000000    
 drn09_sp167-sp155        430000.0000000000    
 drn09_sp167-sp159       -2672000.000000000    
 drn09_sp171-sp167        2875000.000000000    
 drn09_sp179-sp167       -771000.0000000000    
 drn09_sp179-sp171       -3646000.000000000    
 drn09_sp183-sp179        3585000.000000000    
 drn09_sp279-sp275        2578000.000000000    
 drn09_sp291-sp279       -345000.0000000000    
 drn09_sp299-sp291       -3265000.000000000    
 drn09_sp303-sp299        3238000.000000000    
 drn09_sp311-sp299        41000.00000000000    
 drn09_sp311-sp303       -3197000.000000000    
 drn09_sp315-sp311        2967000.000000000    
 drn09_sp327-sp315        194000.0000000000    
 drn09_sp335-sp327       -754000.0000000000    
 drn11_sp279-sp275        1094200.000000000    
 drn11_sp291-sp279       -121100.0000000000    
 drn11_sp299-sp291       -1549900.000000000    
 drn11_sp303-sp299        1573800.000000000    
 drn11_sp311-sp299        2500.000000000000    
 drn11_sp311-sp303       -1571300.000000000    
 drn11_sp315-sp311        1506900.000000000    
 drn11_sp327-sp315       -31100.00000000000    
 drn11_sp335-sp327       -468300.0000000000    
 drn12_sp279-sp275        1068300.000000000    
 drn12_sp291-sp279       -93800.00000000000    
 drn12_sp299-sp291       -1192600.000000000    
 drn12_sp303-sp299        1208300.000000000    
 drn12_sp311-sp299       -93400.00000000000    
 drn12_sp311-sp303       -1301700.000000000    
 drn12_sp315-sp311        1239500.000000000    
 drn12_sp323-sp311        333900.0000000000    
 drn12_sp323-sp315       -905600.0000000000    
 drn12_sp327-sp323        1044400.000000000    
 drn12_sp335-sp323        402400.0000000000    
 drn12_sp335-sp327       -642000.0000000000    
 drn12_sp359-sp351       -969700.0000000000    
 drn14_sp131-sp123       -2705400.000000000    
 drn14_sp135-sp131        2499400.000000000    
 drn14_sp143-sp131        421700.0000000000    
 drn14_sp143-sp135       -2077700.000000000    
 drn14_sp147-sp143        2237900.000000000    
 drn14_sp155-sp143        500400.0000000000    
 drn14_sp155-sp147       -1737500.000000000    
 drn14_sp159-sp155        1964500.000000000    
 drn14_sp167-sp155       -242200.0000000000    
 drn14_sp167-sp159       -2206700.000000000    
 drn14_sp171-sp167        2149100.000000000    
 drn14_sp179-sp167        139000.0000000000    
 drn14_sp179-sp171       -2010100.000000000    
 drn14_sp183-sp179        2051700.000000000    
 drn14_sp279-sp275        2254500.000000000    
 drn14_sp291-sp279       -158700.0000000000    
 drn14_sp299-sp291       -2306200.000000000    
 drn14_sp311-sp299       -186400.0000000000    
 drn14_sp315-sp311        2407400.000000000    
 drn14_sp327-sp315        98600.00000000000    
 drn14_sp335-sp327       -1533200.000000000    
 drn18_sp131-sp123       -494500.0000000000    
 drn18_sp135-sp131        401800.0000000000    
 drn18_sp143-sp131       -38500.00000000000    
 drn18_sp143-sp135       -440300.0000000000    
 drn18_sp147-sp143        417200.0000000000    
 drn18_sp155-sp143        50700.00000000000    
 drn18_sp155-sp147       -366500.0000000000    
 drn18_sp159-sp155        406800.0000000000    
 drn18_sp167-sp155       -1900.000000000000    
 drn18_sp167-sp159       -408700.0000000000    
 drn18_sp171-sp167        411400.0000000000    
 drn18_sp179-sp167        8700.000000000000    
 drn18_sp179-sp171       -402700.0000000000    
 drn18_sp183-sp179        394600.0000000000    
 drn18_sp279-sp275        376400.0000000000    
 drn18_sp291-sp279       -94300.00000000000    
 drn18_sp299-sp291       -376500.0000000000    
 drn18_sp311-sp299       -97800.00000000000    
 drn18_sp315-sp311        421800.0000000000    
 drn18_sp327-sp315       -19900.00000000000    
 drn18_sp335-sp327       -127300.0000000000    
 dummy                    0.000000000000000    
