 lowell_sp127-sp124      -1213600.000000000    
 lowell_sp130-sp127       0.000000000000000    
 lowell_sp133-sp130       161500.0000000000    
 lowell_sp136-sp133       147700.0000000000    
 lowell_sp139-sp136      -347200.0000000000    
 lowell_sp142-sp139       229100.0000000000    
 lowell_sp145-sp142      -25300.00000000000    
 lowell_sp148-sp145       593600.0000000000    
 lowell_sp151-sp148      -573700.0000000000    
 lowell_sp154-sp151      -287000.0000000000    
 lowell_sp157-sp154       19000.00000000000    
 lowell_sp160-sp157       955300.0000000000    
 lowell_sp163-sp160      -1138000.000000000    
 lowell_sp166-sp163       177400.0000000000    
 lowell_sp169-sp166       23800.00000000000    
 lowell_sp172-sp169       641600.0000000000    
 lowell_sp175-sp172      -1079200.000000000    
 lowell_sp178-sp175       261500.0000000000    
 lowell_sp181-sp178      -8700.000000000000    
 lowell_sp184-sp181      -138700.0000000000    
 lowell_sp187-sp184      -1067200.000000000    
 lowell_sp190-sp187      -181200.0000000000    
 lowell_sp193-sp190       92900.00000000000    
 lowell_sp196-sp193       2194200.000000000    
 lowell_sp199-sp196      -1148800.000000000    
 lowell_sp202-sp199      -107700.0000000000    
 lowell_sp205-sp202      -17800.00000000000    
 lowell_sp208-sp205       1292300.000000000    
 lowell_sp211-sp208      -624700.0000000000    
 lowell_sp214-sp211       405500.0000000000    
 lowell_sp217-sp214      -83200.00000000000    
 lowell_sp220-sp217       500800.0000000000    
 lowell_sp223-sp220      -1243800.000000000    
 lowell_sp226-sp223       828900.0000000000    
 lowell_sp229-sp226      -65100.00000000000    
 lowell_sp232-sp229      -161800.0000000000    
 lowell_sp235-sp232       52400.00000000000    
 lowell_sp238-sp235      -480900.0000000000    
 lowell_sp241-sp238       22300.00000000000    
 lowell_sp244-sp241       222500.0000000000    
 lowell_sp247-sp244      -233700.0000000000    
 lowell_sp250-sp247      -64700.00000000000    
 lowell_sp253-sp250       529500.0000000000    
 lowell_sp256-sp253      -22500.00000000000    
 lowell_sp259-sp256      -577300.0000000000    
 lowell_sp262-sp259       226700.0000000000    
 lowell_sp265-sp262      -19800.00000000000    
 lowell_sp268-sp265       170200.0000000000    
 lowell_sp271-sp268      -795600.0000000000    
 lowell_sp274-sp271       770600.0000000000    
 lowell_sp277-sp274       122100.0000000000    
 lowell_sp280-sp277       1221300.000000000    
 lowell_sp283-sp280      -1112900.000000000    
 lowell_sp286-sp283       21600.00000000000    
 lowell_sp289-sp286       144300.0000000000    
 lowell_sp292-sp289       625000.0000000000    
 lowell_sp295-sp292      -981900.0000000000    
 lowell_sp298-sp295      -89900.00000000000    
 lowell_sp301-sp298       554800.0000000000    
 lowell_sp304-sp301       404600.0000000000    
 lowell_sp307-sp304      -788700.0000000000    
 lowell_sp310-sp307      -337500.0000000000    
 lowell_sp316-sp310       570900.0000000000    
 lowell_sp319-sp316      -669500.0000000000    
 lowell_sp322-sp319       106100.0000000000    
 lowell_sp325-sp322       355800.0000000000    
 lowell_sp328-sp325       198100.0000000000    
 lowell_sp331-sp328      -893100.0000000000    
 lowell_sp334-sp331      -1028800.000000000    
 lowell_sp337-sp334       262700.0000000000    
 lowell_sp340-sp337       1654300.000000000    
 lowell_sp343-sp340      -985200.0000000000    
 lowell_sp346-sp343       1086000.000000000    
 lowell_sp349-sp346      -125300.0000000000    
 lowell_sp352-sp349       1440100.000000000    
 lowell_sp355-sp352      -1380700.000000000    
 lowell_sp358-sp355       97100.00000000000    
 dummy                    0.000000000000000    
